===== SUMMARY ====================================================================================================================================================================

Start time               : 2026-03-16T14:07:12.153424+03:00
Error                    : <nil>
Total main duration      : 4.2795ms

===== CONFIGURATION ==============================================================================================================================================================

InputPaths:
    - examples/small
OutputFile: examples/small.log
LogFile: examples/small.err
ProfilingEnabled: false
ListFilesConfig:
    IgnoreFile: ""
    IgnorePatterns:
        - '*.zip'
        - '*.tar'
        - '*.gz'
        - '*.rar'
        - '*.7z'
        - '*.tgz'
        - '*.bz2'
        - '*.tbz2'
        - '*.xz'
        - '*.txz'
    IgnoreArchives: true
    FileAliases: {}
ParseTimestampConfig:
    IgnoreTimezoneInfo: false
    ShortestTimestampLen: 15
    TimestampSearchEndIndex: 250
MergeConfig:
    MetricsTreeEnabled: false
    WriteAliasPerBlock: true
    WriteAliasPerLine: true
    WriteTimestampPerLine: true
    StripOriginalTimestamp: false
    MinTimestamp: "1970-01-01T00:00:00Z"
    MaxTimestamp: "2262-04-11T23:47:16.854775807Z"
    BufferSizeForRead: 104857600
    BufferSizeForWrite: 104857600
PrintProgressConfig:
    PrintProgressEnabled: false
    InitialDelayMillis: 1000
    PeriodMillis: 1000


===== STATISTICS =================================================================================================================================================================

File count stats
  dirs scanned           :          ~               1
  files scanned          : 100.00 % ~               2
  files matched          : 100.00 % ~               2
Byte count stats
  input bytes            : 100.00 % ~            1902 =    1.86 KB ≈  434.03 KB / s
    read                 : 100.00 % ~            1902 =    1.86 KB ≈  434.03 KB / s
      read and skipped   :   0.00 % ~               0 =       0 B  ≈       0 B  / s
      read and processed : 100.00 % ~            1902 =    1.86 KB ≈  434.03 KB / s
    not read             :   0.00 % ~               0 =       0 B  ≈       0 B  / s
  output bytes           : 100.00 % ~            3287 =    3.21 KB ≈  750.08 KB / s
    raw data             :  57.86 % ~            1902 =    1.86 KB
    overhead             :  42.14 % ~            1385 =    1.35 KB
      source name @block :   6.36 % ~             209 =     209 B 
      source name @line  :  10.22 % ~             336 =     336 B 
      timestamps  @line  :  25.56 % ~             840 =     840 B 
      missing newlines   :   0.00 % ~               0 =       0 B 
Line count stats
  lines read             : 100.00 % ~              28 =         28 ≈    6.54 K / s
    with timestamp       :  78.57 % ~              22 =         22
    without timestamp    :  21.43 % ~               6 =          6
  lines read             : 100.00 % ~              28 =         28 ≈    6.54 K / s
    skipped              :   0.00 % ~               0 =          0
    processed            : 100.00 % ~              28 =         28

===== TIMING SUMMARY =============================================================================================================================================================

HeapTotal                           :   0.00 % ~         0.000ns ≈      0.000ns avg of            0 times =            0  434.03 KB / s

===== TIMING BREAKDOWN ===========================================================================================================================================================

MetricsTree                         : 100.00 % ~         4.279ms ≈      4.279ms avg of            1 times =            1 

===== RUNTIME METRICS ============================================================================================================================================================
NumCPU                               :           10
NumGoroutine                         :            1
NumCgoCall                           :            0

MemStats                             : {Alloc:210062288 TotalAlloc:210143288 Sys:222918968 Lookups:0 Mallocs:1497 Frees:805 HeapAlloc:210062288 HeapSys:217743360 HeapIdle:7094272 HeapInuse:210649088 HeapReleased:6873088 HeapObjects:692 StackInuse:360448 StackSys:360448 MSpanInuse:44320 MSpanSys:48960 MCacheInuse:12080 MCacheSys:15704 BuckHashSys:1444770 GCSys:2505024 OtherSys:800702 NextGC:420170474 LastGC:1773659232157548000 PauseTotalNs:44583 PauseNs:[24125 12333 8125 0 0 0 0 0 0 0 0 0 0 0 0 0 0 0 0 0 0 0 0 0 0 0 0 0 0 0 0 0 0 0 0 0 0 0 0 0 0 0 0 0 0 0 0 0 0 0 0 0 0 0 0 0 0 0 0 0 0 0 0 0 0 0 0 0 0 0 0 0 0 0 0 0 0 0 0 0 0 0 0 0 0 0 0 0 0 0 0 0 0 0 0 0 0 0 0 0 0 0 0 0 0 0 0 0 0 0 0 0 0 0 0 0 0 0 0 0 0 0 0 0 0 0 0 0 0 0 0 0 0 0 0 0 0 0 0 0 0 0 0 0 0 0 0 0 0 0 0 0 0 0 0 0 0 0 0 0 0 0 0 0 0 0 0 0 0 0 0 0 0 0 0 0 0 0 0 0 0 0 0 0 0 0 0 0 0 0 0 0 0 0 0 0 0 0 0 0 0 0 0 0 0 0 0 0 0 0 0 0 0 0 0 0 0 0 0 0 0 0 0 0 0 0 0 0 0 0 0 0 0 0 0 0 0 0 0 0 0 0 0 0 0 0 0 0 0 0 0 0 0 0 0 0] PauseEnd:[1773659232156975000 1773659232157309000 1773659232157548000 0 0 0 0 0 0 0 0 0 0 0 0 0 0 0 0 0 0 0 0 0 0 0 0 0 0 0 0 0 0 0 0 0 0 0 0 0 0 0 0 0 0 0 0 0 0 0 0 0 0 0 0 0 0 0 0 0 0 0 0 0 0 0 0 0 0 0 0 0 0 0 0 0 0 0 0 0 0 0 0 0 0 0 0 0 0 0 0 0 0 0 0 0 0 0 0 0 0 0 0 0 0 0 0 0 0 0 0 0 0 0 0 0 0 0 0 0 0 0 0 0 0 0 0 0 0 0 0 0 0 0 0 0 0 0 0 0 0 0 0 0 0 0 0 0 0 0 0 0 0 0 0 0 0 0 0 0 0 0 0 0 0 0 0 0 0 0 0 0 0 0 0 0 0 0 0 0 0 0 0 0 0 0 0 0 0 0 0 0 0 0 0 0 0 0 0 0 0 0 0 0 0 0 0 0 0 0 0 0 0 0 0 0 0 0 0 0 0 0 0 0 0 0 0 0 0 0 0 0 0 0 0 0 0 0 0 0 0 0 0 0 0 0 0 0 0 0 0 0 0 0 0 0] NumGC:3 NumForcedGC:0 GCCPUFraction:0.017940757976594567 EnableGC:true DebugGC:false BySize:[{Size:0 Mallocs:0 Frees:0} {Size:8 Mallocs:40 Frees:18} {Size:16 Mallocs:446 Frees:227} {Size:24 Mallocs:107 Frees:37} {Size:32 Mallocs:140 Frees:101} {Size:48 Mallocs:130 Frees:38} {Size:64 Mallocs:79 Frees:37} {Size:80 Mallocs:24 Frees:20} {Size:96 Mallocs:31 Frees:13} {Size:112 Mallocs:62 Frees:48} {Size:128 Mallocs:37 Frees:27} {Size:144 Mallocs:4 Frees:2} {Size:160 Mallocs:68 Frees:55} {Size:176 Mallocs:4 Frees:1} {Size:192 Mallocs:5 Frees:1} {Size:208 Mallocs:20 Frees:11} {Size:224 Mallocs:0 Frees:0} {Size:240 Mallocs:1 Frees:1} {Size:256 Mallocs:26 Frees:16} {Size:288 Mallocs:6 Frees:5} {Size:320 Mallocs:3 Frees:2} {Size:352 Mallocs:6 Frees:2} {Size:384 Mallocs:3 Frees:2} {Size:416 Mallocs:5 Frees:4} {Size:448 Mallocs:31 Frees:1} {Size:480 Mallocs:1 Frees:1} {Size:512 Mallocs:16 Frees:4} {Size:576 Mallocs:8 Frees:4} {Size:640 Mallocs:2 Frees:1} {Size:704 Mallocs:9 Frees:5} {Size:768 Mallocs:1 Frees:0} {Size:896 Mallocs:6 Frees:3} {Size:1024 Mallocs:4 Frees:1} {Size:1152 Mallocs:18 Frees:3} {Size:1280 Mallocs:2 Frees:2} {Size:1408 Mallocs:7 Frees:2} {Size:1536 Mallocs:1 Frees:1} {Size:1792 Mallocs:5 Frees:0} {Size:2048 Mallocs:7 Frees:0} {Size:2304 Mallocs:2 Frees:0} {Size:2688 Mallocs:0 Frees:0} {Size:3072 Mallocs:1 Frees:1} {Size:3200 Mallocs:1 Frees:1} {Size:3456 Mallocs:0 Frees:0} {Size:4096 Mallocs:0 Frees:0} {Size:4864 Mallocs:1 Frees:0} {Size:5376 Mallocs:0 Frees:0} {Size:6144 Mallocs:2 Frees:1} {Size:6528 Mallocs:1 Frees:0} {Size:6784 Mallocs:0 Frees:0} {Size:6912 Mallocs:0 Frees:0} {Size:8192 Mallocs:0 Frees:0} {Size:9472 Mallocs:1 Frees:0} {Size:9728 Mallocs:10 Frees:0} {Size:10240 Mallocs:0 Frees:0} {Size:10880 Mallocs:0 Frees:0} {Size:12288 Mallocs:0 Frees:0} {Size:13568 Mallocs:0 Frees:0} {Size:14336 Mallocs:0 Frees:0} {Size:16384 Mallocs:2 Frees:0} {Size:18432 Mallocs:0 Frees:0}]}

Allocated heap objects               :    210062288 =  200.33 MB
Allocated heap objects (cumulative)  :    210143288 =  200.41 MB
Memory obtained from the OS          :    222918968 =  212.59 MB
Number of pointer lookups            :            0 =          0
Number of mallocs                    :         1497 =     1.50 K
Number of frees                      :          805 =        805

Allocated heap objects               :    210062288 =  200.33 MB
Allocated heap objects (cumulative)  :    217743360 =  207.66 MB
Heap idle memory                     :      7094272 =    6.77 MB
Heap in-use memory                   :    210649088 =  200.89 MB
Heap released memory                 :      6873088 =    6.55 MB
Heap objects waiting to be freed     :          692 =        692

Stack memory in use                  :       360448 =  352.00 KB
Stack memory obtained from the OS    :       360448 =  352.00 KB

Allocated mspan structures           :        44320 =   43.28 KB
mspan memory obtained from the OS    :        48960 =   47.81 KB
Allocated mcache structures          :        12080 =   11.80 KB
mcache memory obtained from the OS   :        15704 =   15.34 KB
Allocated buckhash tables            :      1444770 =    1.38 MB
Allocated GC metadata                :      2505024 =    2.39 MB
Allocated other system allocations   :       800702 =  781.94 KB

Last GC finish time                  :   2026-03-16   14:07:12.157548+03:00
Target heap size of the next GC cycle:    420170474 =  400.71 MB
GC pause duration                    :        44583 =   44.583µs
Number of completed GC cycles        :            3 =          3
Number of forced GC cycles by app    :            0 =          0
GCCPUFraction                        :     17940.76 /  1_000_000

===== DEBUG METRICS ==============================================================================================================================================================

LineLengths
  summary
    min          :          ~              16 =         16
    avg          :          ~          66.929 ~         67
    max          :          ~              90 =         90
    count        :          ~              28 =         28
  buckets
    ≤ 0          :   0.00 % ~               0 ≈               0 (cumulative) ~     0.00 % (cumulative)
    ≤ 1          :   0.00 % ~               0 ≈               0 (cumulative) ~     0.00 % (cumulative)
    ≤ 2          :   0.00 % ~               0 ≈               0 (cumulative) ~     0.00 % (cumulative)
    ≤ 3          :   0.00 % ~               0 ≈               0 (cumulative) ~     0.00 % (cumulative)
    ≤ 4          :   0.00 % ~               0 ≈               0 (cumulative) ~     0.00 % (cumulative)
    ≤ 5          :   0.00 % ~               0 ≈               0 (cumulative) ~     0.00 % (cumulative)
    ≤ 6          :   0.00 % ~               0 ≈               0 (cumulative) ~     0.00 % (cumulative)
    ≤ 7          :   0.00 % ~               0 ≈               0 (cumulative) ~     0.00 % (cumulative)
    ≤ 8          :   0.00 % ~               0 ≈               0 (cumulative) ~     0.00 % (cumulative)
    ≤ 9          :   0.00 % ~               0 ≈               0 (cumulative) ~     0.00 % (cumulative)
    ≤ 10         :   0.00 % ~               0 ≈               0 (cumulative) ~     0.00 % (cumulative)
    ≤ 11         :   0.00 % ~               0 ≈               0 (cumulative) ~     0.00 % (cumulative)
    ≤ 12         :   0.00 % ~               0 ≈               0 (cumulative) ~     0.00 % (cumulative)
    ≤ 13         :   0.00 % ~               0 ≈               0 (cumulative) ~     0.00 % (cumulative)
    ≤ 14         :   0.00 % ~               0 ≈               0 (cumulative) ~     0.00 % (cumulative)
    ≤ 15         :   0.00 % ~               0 ≈               0 (cumulative) ~     0.00 % (cumulative)
    ≤ 16         :   3.57 % ~               1 ≈               1 (cumulative) ~     3.57 % (cumulative)
    ≤ 17         :   0.00 % ~               0 ≈               1 (cumulative) ~     3.57 % (cumulative)
    ≤ 18         :   0.00 % ~               0 ≈               1 (cumulative) ~     3.57 % (cumulative)
    ≤ 19         :   0.00 % ~               0 ≈               1 (cumulative) ~     3.57 % (cumulative)
    ≤ 20         :   0.00 % ~               0 ≈               1 (cumulative) ~     3.57 % (cumulative)
    ≤ 21         :   0.00 % ~               0 ≈               1 (cumulative) ~     3.57 % (cumulative)
    ≤ 22         :   0.00 % ~               0 ≈               1 (cumulative) ~     3.57 % (cumulative)
    ≤ 23         :   0.00 % ~               0 ≈               1 (cumulative) ~     3.57 % (cumulative)
    ≤ 24         :   0.00 % ~               0 ≈               1 (cumulative) ~     3.57 % (cumulative)
    ≤ 25         :   0.00 % ~               0 ≈               1 (cumulative) ~     3.57 % (cumulative)
    ≤ 26         :   3.57 % ~               1 ≈               2 (cumulative) ~     7.14 % (cumulative)
    ≤ 27         :   0.00 % ~               0 ≈               2 (cumulative) ~     7.14 % (cumulative)
    ≤ 28         :   0.00 % ~               0 ≈               2 (cumulative) ~     7.14 % (cumulative)
    ≤ 29         :   0.00 % ~               0 ≈               2 (cumulative) ~     7.14 % (cumulative)
    ≤ 30         :   0.00 % ~               0 ≈               2 (cumulative) ~     7.14 % (cumulative)
    ≤ 40         :   0.00 % ~               0 ≈               2 (cumulative) ~     7.14 % (cumulative)
    ≤ 50         :   7.14 % ~               2 ≈               4 (cumulative) ~    14.29 % (cumulative)
    ≤ 60         :   7.14 % ~               2 ≈               6 (cumulative) ~    21.43 % (cumulative)
    ≤ 70         :  42.86 % ~              12 ≈              18 (cumulative) ~    64.29 % (cumulative)
    ≤ 80         :  14.29 % ~               4 ≈              22 (cumulative) ~    78.57 % (cumulative)
    ≤ 90         :  21.43 % ~               6 ≈              28 (cumulative) ~   100.00 % (cumulative)
    ≤ 100        :   0.00 % ~               0 ≈              28 (cumulative) ~   100.00 % (cumulative)
    ≤ 150        :   0.00 % ~               0 ≈              28 (cumulative) ~   100.00 % (cumulative)
    ≤ 200        :   0.00 % ~               0 ≈              28 (cumulative) ~   100.00 % (cumulative)
    ≤ 250        :   0.00 % ~               0 ≈              28 (cumulative) ~   100.00 % (cumulative)
    ≤ 300        :   0.00 % ~               0 ≈              28 (cumulative) ~   100.00 % (cumulative)
    ≤ 350        :   0.00 % ~               0 ≈              28 (cumulative) ~   100.00 % (cumulative)
    ≤ 400        :   0.00 % ~               0 ≈              28 (cumulative) ~   100.00 % (cumulative)
    ≤ 450        :   0.00 % ~               0 ≈              28 (cumulative) ~   100.00 % (cumulative)
    ≤ 500        :   0.00 % ~               0 ≈              28 (cumulative) ~   100.00 % (cumulative)
    ≤ 600        :   0.00 % ~               0 ≈              28 (cumulative) ~   100.00 % (cumulative)
    ≤ 700        :   0.00 % ~               0 ≈              28 (cumulative) ~   100.00 % (cumulative)
    ≤ 800        :   0.00 % ~               0 ≈              28 (cumulative) ~   100.00 % (cumulative)
    ≤ 900        :   0.00 % ~               0 ≈              28 (cumulative) ~   100.00 % (cumulative)
    ≤ 1000       :   0.00 % ~               0 ≈              28 (cumulative) ~   100.00 % (cumulative)
    ≤ 2000       :   0.00 % ~               0 ≈              28 (cumulative) ~   100.00 % (cumulative)
    ≤ 3000       :   0.00 % ~               0 ≈              28 (cumulative) ~   100.00 % (cumulative)
    ≤ 4000       :   0.00 % ~               0 ≈              28 (cumulative) ~   100.00 % (cumulative)
    ≤ 5000       :   0.00 % ~               0 ≈              28 (cumulative) ~   100.00 % (cumulative)
    ≤ 6000       :   0.00 % ~               0 ≈              28 (cumulative) ~   100.00 % (cumulative)
    ≤ 7000       :   0.00 % ~               0 ≈              28 (cumulative) ~   100.00 % (cumulative)
    ≤ 8000       :   0.00 % ~               0 ≈              28 (cumulative) ~   100.00 % (cumulative)
    ≤ 9000       :   0.00 % ~               0 ≈              28 (cumulative) ~   100.00 % (cumulative)
    ≤ 10000      :   0.00 % ~               0 ≈              28 (cumulative) ~   100.00 % (cumulative)
    ≤ 20000      :   0.00 % ~               0 ≈              28 (cumulative) ~   100.00 % (cumulative)
    ≤ 30000      :   0.00 % ~               0 ≈              28 (cumulative) ~   100.00 % (cumulative)
    ≤ 40000      :   0.00 % ~               0 ≈              28 (cumulative) ~   100.00 % (cumulative)
    ≤ 50000      :   0.00 % ~               0 ≈              28 (cumulative) ~   100.00 % (cumulative)
    ≤ 60000      :   0.00 % ~               0 ≈              28 (cumulative) ~   100.00 % (cumulative)
    ≤ 70000      :   0.00 % ~               0 ≈              28 (cumulative) ~   100.00 % (cumulative)
    ≤ 80000      :   0.00 % ~               0 ≈              28 (cumulative) ~   100.00 % (cumulative)
    ≤ 90000      :   0.00 % ~               0 ≈              28 (cumulative) ~   100.00 % (cumulative)
    ≤ 100000     :   0.00 % ~               0 ≈              28 (cumulative) ~   100.00 % (cumulative)
    > 100000     :   0.00 % ~               0 ≈              28 (cumulative) ~   100.00 % (cumulative)

SkippedLineCounts
  summary
    min          :          ~               0 =          0
    avg          :          ~               0 ~          0
    max          :          ~               0 =          0
    count        :          ~              11 =         11
  buckets
    ≤ 0          : 100.00 % ~              11 ≈              11 (cumulative) ~   100.00 % (cumulative)
    ≤ 1          :   0.00 % ~               0 ≈              11 (cumulative) ~   100.00 % (cumulative)
    ≤ 2          :   0.00 % ~               0 ≈              11 (cumulative) ~   100.00 % (cumulative)
    ≤ 3          :   0.00 % ~               0 ≈              11 (cumulative) ~   100.00 % (cumulative)
    ≤ 4          :   0.00 % ~               0 ≈              11 (cumulative) ~   100.00 % (cumulative)
    ≤ 5          :   0.00 % ~               0 ≈              11 (cumulative) ~   100.00 % (cumulative)
    ≤ 6          :   0.00 % ~               0 ≈              11 (cumulative) ~   100.00 % (cumulative)
    ≤ 7          :   0.00 % ~               0 ≈              11 (cumulative) ~   100.00 % (cumulative)
    ≤ 8          :   0.00 % ~               0 ≈              11 (cumulative) ~   100.00 % (cumulative)
    ≤ 9          :   0.00 % ~               0 ≈              11 (cumulative) ~   100.00 % (cumulative)
    ≤ 10         :   0.00 % ~               0 ≈              11 (cumulative) ~   100.00 % (cumulative)
    ≤ 11         :   0.00 % ~               0 ≈              11 (cumulative) ~   100.00 % (cumulative)
    ≤ 12         :   0.00 % ~               0 ≈              11 (cumulative) ~   100.00 % (cumulative)
    ≤ 13         :   0.00 % ~               0 ≈              11 (cumulative) ~   100.00 % (cumulative)
    ≤ 14         :   0.00 % ~               0 ≈              11 (cumulative) ~   100.00 % (cumulative)
    ≤ 15         :   0.00 % ~               0 ≈              11 (cumulative) ~   100.00 % (cumulative)
    ≤ 16         :   0.00 % ~               0 ≈              11 (cumulative) ~   100.00 % (cumulative)
    ≤ 17         :   0.00 % ~               0 ≈              11 (cumulative) ~   100.00 % (cumulative)
    ≤ 18         :   0.00 % ~               0 ≈              11 (cumulative) ~   100.00 % (cumulative)
    ≤ 19         :   0.00 % ~               0 ≈              11 (cumulative) ~   100.00 % (cumulative)
    ≤ 20         :   0.00 % ~               0 ≈              11 (cumulative) ~   100.00 % (cumulative)
    ≤ 25         :   0.00 % ~               0 ≈              11 (cumulative) ~   100.00 % (cumulative)
    ≤ 30         :   0.00 % ~               0 ≈              11 (cumulative) ~   100.00 % (cumulative)
    ≤ 35         :   0.00 % ~               0 ≈              11 (cumulative) ~   100.00 % (cumulative)
    ≤ 40         :   0.00 % ~               0 ≈              11 (cumulative) ~   100.00 % (cumulative)
    ≤ 45         :   0.00 % ~               0 ≈              11 (cumulative) ~   100.00 % (cumulative)
    ≤ 50         :   0.00 % ~               0 ≈              11 (cumulative) ~   100.00 % (cumulative)
    ≤ 60         :   0.00 % ~               0 ≈              11 (cumulative) ~   100.00 % (cumulative)
    ≤ 70         :   0.00 % ~               0 ≈              11 (cumulative) ~   100.00 % (cumulative)
    ≤ 80         :   0.00 % ~               0 ≈              11 (cumulative) ~   100.00 % (cumulative)
    ≤ 90         :   0.00 % ~               0 ≈              11 (cumulative) ~   100.00 % (cumulative)
    ≤ 100        :   0.00 % ~               0 ≈              11 (cumulative) ~   100.00 % (cumulative)
    > 100        :   0.00 % ~               0 ≈              11 (cumulative) ~   100.00 % (cumulative)

SuccessiveLineCounts
  summary
    min          :          ~               1 =          1
    avg          :          ~           1.273 ~          1
    max          :          ~               5 =          5
    count        :          ~              22 =         22
  buckets
    ≤ 0          :   0.00 % ~               0 ≈               0 (cumulative) ~     0.00 % (cumulative)
    ≤ 1          :  90.91 % ~              20 ≈              20 (cumulative) ~    90.91 % (cumulative)
    ≤ 2          :   0.00 % ~               0 ≈              20 (cumulative) ~    90.91 % (cumulative)
    ≤ 3          :   4.55 % ~               1 ≈              21 (cumulative) ~    95.45 % (cumulative)
    ≤ 4          :   0.00 % ~               0 ≈              21 (cumulative) ~    95.45 % (cumulative)
    ≤ 5          :   4.55 % ~               1 ≈              22 (cumulative) ~   100.00 % (cumulative)
    ≤ 6          :   0.00 % ~               0 ≈              22 (cumulative) ~   100.00 % (cumulative)
    ≤ 7          :   0.00 % ~               0 ≈              22 (cumulative) ~   100.00 % (cumulative)
    ≤ 8          :   0.00 % ~               0 ≈              22 (cumulative) ~   100.00 % (cumulative)
    ≤ 9          :   0.00 % ~               0 ≈              22 (cumulative) ~   100.00 % (cumulative)
    ≤ 10         :   0.00 % ~               0 ≈              22 (cumulative) ~   100.00 % (cumulative)
    ≤ 11         :   0.00 % ~               0 ≈              22 (cumulative) ~   100.00 % (cumulative)
    ≤ 12         :   0.00 % ~               0 ≈              22 (cumulative) ~   100.00 % (cumulative)
    ≤ 13         :   0.00 % ~               0 ≈              22 (cumulative) ~   100.00 % (cumulative)
    ≤ 14         :   0.00 % ~               0 ≈              22 (cumulative) ~   100.00 % (cumulative)
    ≤ 15         :   0.00 % ~               0 ≈              22 (cumulative) ~   100.00 % (cumulative)
    ≤ 16         :   0.00 % ~               0 ≈              22 (cumulative) ~   100.00 % (cumulative)
    ≤ 17         :   0.00 % ~               0 ≈              22 (cumulative) ~   100.00 % (cumulative)
    ≤ 18         :   0.00 % ~               0 ≈              22 (cumulative) ~   100.00 % (cumulative)
    ≤ 19         :   0.00 % ~               0 ≈              22 (cumulative) ~   100.00 % (cumulative)
    ≤ 20         :   0.00 % ~               0 ≈              22 (cumulative) ~   100.00 % (cumulative)
    ≤ 25         :   0.00 % ~               0 ≈              22 (cumulative) ~   100.00 % (cumulative)
    ≤ 30         :   0.00 % ~               0 ≈              22 (cumulative) ~   100.00 % (cumulative)
    ≤ 35         :   0.00 % ~               0 ≈              22 (cumulative) ~   100.00 % (cumulative)
    ≤ 40         :   0.00 % ~               0 ≈              22 (cumulative) ~   100.00 % (cumulative)
    ≤ 45         :   0.00 % ~               0 ≈              22 (cumulative) ~   100.00 % (cumulative)
    ≤ 50         :   0.00 % ~               0 ≈              22 (cumulative) ~   100.00 % (cumulative)
    ≤ 60         :   0.00 % ~               0 ≈              22 (cumulative) ~   100.00 % (cumulative)
    ≤ 70         :   0.00 % ~               0 ≈              22 (cumulative) ~   100.00 % (cumulative)
    ≤ 80         :   0.00 % ~               0 ≈              22 (cumulative) ~   100.00 % (cumulative)
    ≤ 90         :   0.00 % ~               0 ≈              22 (cumulative) ~   100.00 % (cumulative)
    ≤ 100        :   0.00 % ~               0 ≈              22 (cumulative) ~   100.00 % (cumulative)
    > 100        :   0.00 % ~               0 ≈              22 (cumulative) ~   100.00 % (cumulative)

BlockLineCounts
  summary
    min          :          ~               1 =          1
    avg          :          ~           2.545 ~          3
    max          :          ~               6 =          6
    count        :          ~              11 =         11
  buckets
    ≤ 0          :   0.00 % ~               0 ≈               0 (cumulative) ~     0.00 % (cumulative)
    ≤ 1          :  27.27 % ~               3 ≈               3 (cumulative) ~    27.27 % (cumulative)
    ≤ 2          :  36.36 % ~               4 ≈               7 (cumulative) ~    63.64 % (cumulative)
    ≤ 3          :   9.09 % ~               1 ≈               8 (cumulative) ~    72.73 % (cumulative)
    ≤ 4          :  18.18 % ~               2 ≈              10 (cumulative) ~    90.91 % (cumulative)
    ≤ 5          :   0.00 % ~               0 ≈              10 (cumulative) ~    90.91 % (cumulative)
    ≤ 6          :   9.09 % ~               1 ≈              11 (cumulative) ~   100.00 % (cumulative)
    ≤ 7          :   0.00 % ~               0 ≈              11 (cumulative) ~   100.00 % (cumulative)
    ≤ 8          :   0.00 % ~               0 ≈              11 (cumulative) ~   100.00 % (cumulative)
    ≤ 9          :   0.00 % ~               0 ≈              11 (cumulative) ~   100.00 % (cumulative)
    ≤ 10         :   0.00 % ~               0 ≈              11 (cumulative) ~   100.00 % (cumulative)
    ≤ 11         :   0.00 % ~               0 ≈              11 (cumulative) ~   100.00 % (cumulative)
    ≤ 12         :   0.00 % ~               0 ≈              11 (cumulative) ~   100.00 % (cumulative)
    ≤ 13         :   0.00 % ~               0 ≈              11 (cumulative) ~   100.00 % (cumulative)
    ≤ 14         :   0.00 % ~               0 ≈              11 (cumulative) ~   100.00 % (cumulative)
    ≤ 15         :   0.00 % ~               0 ≈              11 (cumulative) ~   100.00 % (cumulative)
    ≤ 16         :   0.00 % ~               0 ≈              11 (cumulative) ~   100.00 % (cumulative)
    ≤ 17         :   0.00 % ~               0 ≈              11 (cumulative) ~   100.00 % (cumulative)
    ≤ 18         :   0.00 % ~               0 ≈              11 (cumulative) ~   100.00 % (cumulative)
    ≤ 19         :   0.00 % ~               0 ≈              11 (cumulative) ~   100.00 % (cumulative)
    ≤ 20         :   0.00 % ~               0 ≈              11 (cumulative) ~   100.00 % (cumulative)
    ≤ 25         :   0.00 % ~               0 ≈              11 (cumulative) ~   100.00 % (cumulative)
    ≤ 30         :   0.00 % ~               0 ≈              11 (cumulative) ~   100.00 % (cumulative)
    ≤ 35         :   0.00 % ~               0 ≈              11 (cumulative) ~   100.00 % (cumulative)
    ≤ 40         :   0.00 % ~               0 ≈              11 (cumulative) ~   100.00 % (cumulative)
    ≤ 45         :   0.00 % ~               0 ≈              11 (cumulative) ~   100.00 % (cumulative)
    ≤ 50         :   0.00 % ~               0 ≈              11 (cumulative) ~   100.00 % (cumulative)
    ≤ 60         :   0.00 % ~               0 ≈              11 (cumulative) ~   100.00 % (cumulative)
    ≤ 70         :   0.00 % ~               0 ≈              11 (cumulative) ~   100.00 % (cumulative)
    ≤ 80         :   0.00 % ~               0 ≈              11 (cumulative) ~   100.00 % (cumulative)
    ≤ 90         :   0.00 % ~               0 ≈              11 (cumulative) ~   100.00 % (cumulative)
    ≤ 100        :   0.00 % ~               0 ≈              11 (cumulative) ~   100.00 % (cumulative)
    > 100        :   0.00 % ~               0 ≈              11 (cumulative) ~   100.00 % (cumulative)

===== FILE LIST ==================================================================================================================================================================
File list (2 files):
    1 examples/small/file1.log
    2 examples/small/file2.log
==================================================================================================================================================================================
